0 info it worked if it ends with ok
1 verbose cli [ '/home/cabox/workspace/abakasam/local/bin/iojs-3.3.1/node',
1 verbose cli   '/home/cabox/workspace/abakasam/local/bin/iojs-3.3.1/cli-2.1.3/npm',
1 verbose cli   'start' ]
2 info using npm@2.1.3
3 info using node@v3.3.1
4 verbose run-script [ 'prestart', 'start', 'poststart' ]
5 info prestart Database@0.0.1
6 info start Database@0.0.1
7 verbose unsafe-perm in lifecycle true
8 info Database@0.0.1 Failed to exec start script
9 verbose stack Error: Database@0.0.1 start: `iojs-3.3.1/node www/js/server.js`
9 verbose stack Exit status 1
9 verbose stack     at ChildProcess.<anonymous> (/home/cabox/workspace/abakasam/local/bin/iojs-3.3.1/cli-2.1.3/lib/utils/lifecycle.js:212:16)
9 verbose stack     at emitTwo (events.js:87:13)
9 verbose stack     at ChildProcess.emit (events.js:172:7)
9 verbose stack     at maybeClose (internal/child_process.js:764:16)
9 verbose stack     at Process.ChildProcess._handle.onexit (internal/child_process.js:211:5)
10 verbose pkgid Database@0.0.1
11 verbose cwd /home/cabox/workspace/desktop/database
12 error Linux 2.6.32-042stab145.3
13 error argv "/home/cabox/workspace/abakasam/local/bin/iojs-3.3.1/node" "/home/cabox/workspace/abakasam/local/bin/iojs-3.3.1/cli-2.1.3/npm" "start"
14 error node v3.3.1
15 error npm  v2.1.3
16 error code ELIFECYCLE
17 error Database@0.0.1 start: `iojs-3.3.1/node www/js/server.js`
17 error Exit status 1
18 error Failed at the Database@0.0.1 start script.
18 error This is most likely a problem with the Database package,
18 error not with npm itself.
18 error Tell the author that this fails on your system:
18 error     iojs-3.3.1/node www/js/server.js
18 error You can get their info via:
18 error     npm owner ls Database
18 error There is likely additional logging output above.
19 verbose exit [ 1, true ]
